<?xml version="1.0" encoding="UTF-8"?>
<!-- Generated by org.testng.reporters.JUnitReportReporter -->
<testsuite hostname="DESKTOP-QNR0K37" failures="0" tests="1" name="test.TestNGDemo" time="36.136" errors="0" timestamp="2020-07-18T11:20:12 IST" skipped="0">
  <testcase classname="test.TestNGDemo" name="googleTestScript" time="36.136"/>
  <system-out/>
</testsuite> <!-- test.TestNGDemo -->
