<?xml version="1.0" encoding="UTF-8"?>
<!-- Generated by org.testng.reporters.JUnitReportReporter -->
<testsuite hostname="DESKTOP-QNR0K37" failures="0" tests="2" name="demo.TestNGGroupsDemo" time="0.018" errors="0" timestamp="2020-07-21T16:38:51 IST" skipped="0">
  <testcase classname="demo.TestNGGroupsDemo" name="test3" time="0.003"/>
  <system-out/>
  <testcase classname="demo.TestNGGroupsDemo" name="test1" time="0.015"/>
  <system-out/>
</testsuite> <!-- demo.TestNGGroupsDemo -->
