<?xml version="1.0" encoding="UTF-8"?>
<!-- Generated by org.testng.reporters.JUnitReportReporter -->
<testsuite hostname="DESKTOP-QNR0K37" failures="0" tests="4" name="TestNGPriority" time="0.024" errors="0" timestamp="2020-07-21T09:44:59 IST" skipped="0">
  <testcase classname="TestNGPriority" name="one" time="0.017"/>
  <system-out/>
  <testcase classname="TestNGPriority" name="three" time="0.002"/>
  <system-out/>
  <testcase classname="TestNGPriority" name="two" time="0.002"/>
  <system-out/>
  <testcase classname="TestNGPriority" name="four" time="0.003"/>
  <system-out/>
</testsuite> <!-- TestNGPriority -->
