<?xml version="1.0" encoding="UTF-8"?>
<!-- Generated by org.testng.reporters.JUnitReportReporter -->
<testsuite hostname="DESKTOP-QNR0K37" failures="0" tests="1" name="demo.TestNGParametersDemo" time="0.079" errors="0" timestamp="2020-07-22T10:18:18 IST" skipped="0">
  <testcase classname="demo.TestNGParametersDemo" name="test" time="0.079"/>
  <system-out/>
</testsuite> <!-- demo.TestNGParametersDemo -->
