<?xml version="1.0" encoding="UTF-8"?>
<!-- Generated by org.testng.reporters.JUnitReportReporter -->
<testsuite hostname="DESKTOP-QNR0K37" failures="0" tests="1" name="test.TestNGDemo2" time="30.139" errors="0" timestamp="2020-07-17T10:03:32 IST" skipped="0">
  <testcase classname="test.TestNGDemo2" name="googleTestScript2" time="30.139"/>
  <system-out/>
</testsuite> <!-- test.TestNGDemo2 -->
