<?xml version="1.0" encoding="UTF-8"?>
<!-- Generated by org.testng.reporters.JUnitReportReporter -->
<testsuite hostname="DESKTOP-QNR0K37" failures="0" tests="3" name="demo.TestNGIgnoreDemo" time="0.072" errors="0" timestamp="2020-07-22T12:06:55 IST" skipped="1">
  <testcase classname="demo.TestNGIgnoreDemo" name="test2" time="0.002"/>
  <system-out/>
  <testcase classname="demo.TestNGIgnoreDemo" name="test1" time="0.070"/>
  <system-out/>
  <testcase classname="demo.TestNGIgnoreDemo" name="test3">
    <skipped/>
  </testcase> <!-- test3 -->
  <system-out/>
</testsuite> <!-- demo.TestNGIgnoreDemo -->
