<?xml version="1.0" encoding="UTF-8"?>
<!-- Generated by org.testng.reporters.JUnitReportReporter -->
<testsuite hostname="DESKTOP-QNR0K37" failures="0" tests="2" name="utils.ExcelDataProvider" time="32.474" errors="0" timestamp="2020-07-20T11:56:42 IST" skipped="0">
  <testcase classname="utils.ExcelDataProvider" name="test" time="19.411"/>
  <system-out/>
  <testcase classname="utils.ExcelDataProvider" name="test" time="13.063"/>
  <system-out/>
</testsuite> <!-- utils.ExcelDataProvider -->
