<?xml version="1.0" encoding="UTF-8"?>
<!-- Generated by org.testng.reporters.JUnitReportReporter -->
<testsuite hostname="DESKTOP-QNR0K37" failures="0" tests="1" name="demo.TestNGRecord" time="35.473" errors="0" timestamp="2020-07-22T18:10:55 IST" skipped="0">
  <testcase classname="demo.TestNGRecord" name="test" time="35.473"/>
  <system-out/>
</testsuite> <!-- demo.TestNGRecord -->
