<?xml version="1.0" encoding="UTF-8"?>
<!-- Generated by org.testng.reporters.JUnitReportReporter -->
<testsuite hostname="DESKTOP-QNR0K37" failures="0" tests="3" name="demo.TestNGDependencyDemo" time="0.052" errors="0" timestamp="2020-07-22T11:30:15 IST" skipped="0">
  <testcase classname="demo.TestNGDependencyDemo" name="test2" time="0.047"/>
  <system-out/>
  <testcase classname="demo.TestNGDependencyDemo" name="test3" time="0.002"/>
  <system-out/>
  <testcase classname="demo.TestNGDependencyDemo" name="test1" time="0.003"/>
  <system-out/>
</testsuite> <!-- demo.TestNGDependencyDemo -->
